  Task03.cpp
D:\Bezrukova\PR_04\Task03\Task03.cpp(16,2): error C4235: nonstandard extension used: '__asm' keyword not supported on this architecture
D:\Bezrukova\PR_04\Task03\Task03.cpp(18,7): error C2065: 'ebx': undeclared identifier
D:\Bezrukova\PR_04\Task03\Task03.cpp(18,3): error C3192: syntax error: '^' is not a prefix operator (did you mean '*'?)
D:\Bezrukova\PR_04\Task03\Task03.cpp(18,12): error C2065: 'ebx': undeclared identifier
D:\Bezrukova\PR_04\Task03\Task03.cpp(19,3): error C2146: syntax error: missing ';' before identifier 'mov'
D:\Bezrukova\PR_04\Task03\Task03.cpp(19,3): error C2065: 'mov': undeclared identifier
D:\Bezrukova\PR_04\Task03\Task03.cpp(19,7): error C2146: syntax error: missing ';' before identifier 'ecx'
D:\Bezrukova\PR_04\Task03\Task03.cpp(19,7): error C2065: 'ecx': undeclared identifier
D:\Bezrukova\PR_04\Task03\Task03.cpp(20,3): error C2146: syntax error: missing ';' before identifier 'lea'
D:\Bezrukova\PR_04\Task03\Task03.cpp(20,3): error C2065: 'lea': undeclared identifier
D:\Bezrukova\PR_04\Task03\Task03.cpp(20,7): error C2146: syntax error: missing ';' before identifier 'eax'
D:\Bezrukova\PR_04\Task03\Task03.cpp(20,7): error C2065: 'eax': undeclared identifier
D:\Bezrukova\PR_04\Task03\Task03.cpp(22,1): error C2146: syntax error: missing ';' before identifier 'm1'
D:\Bezrukova\PR_04\Task03\Task03.cpp(24,3): error C2065: 'cmp': undeclared identifier
D:\Bezrukova\PR_04\Task03\Task03.cpp(24,8): error C2065: 'eax': undeclared identifier
D:\Bezrukova\PR_04\Task03\Task03.cpp(25,3): error C2146: syntax error: missing ';' before identifier 'je'
D:\Bezrukova\PR_04\Task03\Task03.cpp(25,3): error C2065: 'je': undeclared identifier
D:\Bezrukova\PR_04\Task03\Task03.cpp(25,6): error C2146: syntax error: missing ';' before identifier 'm2'
D:\Bezrukova\PR_04\Task03\Task03.cpp(25,6): error C2065: 'm2': undeclared identifier
D:\Bezrukova\PR_04\Task03\Task03.cpp(27,3): error C2146: syntax error: missing ';' before identifier 'cmp'
D:\Bezrukova\PR_04\Task03\Task03.cpp(27,3): error C2065: 'cmp': undeclared identifier
D:\Bezrukova\PR_04\Task03\Task03.cpp(27,8): error C2065: 'eax': undeclared identifier
D:\Bezrukova\PR_04\Task03\Task03.cpp(28,3): error C2146: syntax error: missing ';' before identifier 'je'
D:\Bezrukova\PR_04\Task03\Task03.cpp(28,3): error C2065: 'je': undeclared identifier
D:\Bezrukova\PR_04\Task03\Task03.cpp(28,6): error C2146: syntax error: missing ';' before identifier 'm3'
D:\Bezrukova\PR_04\Task03\Task03.cpp(28,6): error C2065: 'm3': undeclared identifier
D:\Bezrukova\PR_04\Task03\Task03.cpp(30,3): error C2146: syntax error: missing ';' before identifier 'add'
D:\Bezrukova\PR_04\Task03\Task03.cpp(30,3): error C2065: 'add': undeclared identifier
D:\Bezrukova\PR_04\Task03\Task03.cpp(30,8): error C2146: syntax error: missing ';' before identifier 'ebx'
D:\Bezrukova\PR_04\Task03\Task03.cpp(30,8): error C2065: 'ebx': undeclared identifier
D:\Bezrukova\PR_04\Task03\Task03.cpp(31,3): error C2760: syntax error: 'add' was unexpected here; expected '{'
D:\Bezrukova\PR_04\Task03\Task03.cpp(31,7): error C2065: 'eax': undeclared identifier
D:\Bezrukova\PR_04\Task03\Task03.cpp(32,3): error C2146: syntax error: missing ',' before identifier 'dec'
